[0.018s] Invoking command in '/home/max/PycharmProjects/my_ros2_ws/servo_message/build/servo_message': CMAKE_PREFIX_PATH=/home/max/PycharmProjects/my_ros2_ws/install/py_pubsub:/opt/ros/foxy /usr/bin/cmake --build /home/max/PycharmProjects/my_ros2_ws/servo_message/build/servo_message -- -j4 -l4
[0.050s] -- Found ament_cmake: 0.9.11 (/opt/ros/foxy/share/ament_cmake/cmake)
[0.075s] -- Found PythonInterp: /usr/bin/python3 (found suitable version "3.8.10", minimum required is "3") 
[0.075s] -- Using PYTHON_EXECUTABLE: /usr/bin/python3
[0.252s] -- Found ament_lint_auto: 0.9.8 (/opt/ros/foxy/share/ament_lint_auto/cmake)
[0.334s] -- Found rosidl_default_generators: 1.0.1 (/opt/ros/foxy/share/rosidl_default_generators/cmake)
[0.336s] -- Using all available rosidl_typesupport_c: rosidl_typesupport_fastrtps_c;rosidl_typesupport_introspection_c
[0.339s] -- Found rosidl_adapter: 1.3.0 (/opt/ros/foxy/share/rosidl_adapter/cmake)
[0.465s] -- Using all available rosidl_typesupport_cpp: rosidl_typesupport_fastrtps_cpp;rosidl_typesupport_introspection_cpp
[0.509s] -- Found PythonInterp: /usr/bin/python3 (found version "3.8.10") 
[0.673s] CMake Error at /opt/ros/foxy/share/rosidl_adapter/cmake/rosidl_adapt_interfaces.cmake:60 (message):
[0.673s]   execute_process(/usr/bin/python3 -m rosidl_adapter --package-name
[0.673s]   servo_message --arguments-file
[0.673s]   /home/max/PycharmProjects/my_ros2_ws/servo_message/build/servo_message/rosidl_adapter__arguments__servo_message.json
[0.673s]   --output-dir
[0.673s]   /home/max/PycharmProjects/my_ros2_ws/servo_message/build/servo_message/rosidl_adapter/servo_message
[0.673s]   --output-file
[0.673s]   /home/max/PycharmProjects/my_ros2_ws/servo_message/build/servo_message/rosidl_adapter/servo_message.idls)
[0.673s]   returned error code 1:
[0.673s] 
[0.673s]   Error processing 'float servo_value' of 'servo_message/ServoMessage':
[0.673s]   ''float' is an invalid message name.  It should have the pattern
[0.673s]   '^[A-Z][A-Za-z0-9]*$''
[0.673s] 
[0.673s]   Traceback (most recent call last):
[0.674s] 
[0.674s]     File "/usr/lib/python3.8/runpy.py", line 194, in _run_module_as_main
[0.674s]       return _run_code(code, main_globals, None,
[0.674s]     File "/usr/lib/python3.8/runpy.py", line 87, in _run_code
[0.674s]       exec(code, run_globals)
[0.674s]     File "/opt/ros/foxy/lib/python3.8/site-packages/rosidl_adapter/__main__.py", line 19, in <module>
[0.674s]       sys.exit(main())
[0.674s]     File "/opt/ros/foxy/lib/python3.8/site-packages/rosidl_adapter/main.py", line 53, in main
[0.674s]       abs_idl_file = convert_to_idl(
[0.675s]     File "/opt/ros/foxy/lib/python3.8/site-packages/rosidl_adapter/__init__.py", line 19, in convert_to_idl
[0.675s]       return convert_msg_to_idl(
[0.675s]     File "/opt/ros/foxy/lib/python3.8/site-packages/rosidl_adapter/msg/__init__.py", line 28, in convert_msg_to_idl
[0.675s]       msg = parse_message_string(package_name, input_file.stem, content)
[0.675s]     File "/opt/ros/foxy/lib/python3.8/site-packages/rosidl_adapter/parser.py", line 516, in parse_message_string
[0.675s]       Type(type_string, context_package_name=pkg_name),
[0.675s]     File "/opt/ros/foxy/lib/python3.8/site-packages/rosidl_adapter/parser.py", line 276, in __init__
[0.675s]       super(Type, self).__init__(
[0.675s]     File "/opt/ros/foxy/lib/python3.8/site-packages/rosidl_adapter/parser.py", line 204, in __init__
[0.675s]       raise InvalidResourceName(
[0.675s] 
[0.675s]   rosidl_adapter.parser.InvalidResourceName: 'float' is an invalid message
[0.675s]   name.  It should have the pattern '^[A-Z][A-Za-z0-9]*$'
[0.675s] 
[0.675s] Call Stack (most recent call first):
[0.675s]   /opt/ros/foxy/share/rosidl_cmake/cmake/rosidl_generate_interfaces.cmake:130 (rosidl_adapt_interfaces)
[0.676s]   CMakeLists.txt:37 (rosidl_generate_interfaces)
[0.676s] 
[0.676s] 
[0.676s] -- Configuring incomplete, errors occurred!
[0.676s] See also "/home/max/PycharmProjects/my_ros2_ws/servo_message/build/servo_message/CMakeFiles/CMakeOutput.log".
[0.683s] make: *** [Makefile:748: cmake_check_build_system] Error 1
[0.685s] Invoked command in '/home/max/PycharmProjects/my_ros2_ws/servo_message/build/servo_message' returned '2': CMAKE_PREFIX_PATH=/home/max/PycharmProjects/my_ros2_ws/install/py_pubsub:/opt/ros/foxy /usr/bin/cmake --build /home/max/PycharmProjects/my_ros2_ws/servo_message/build/servo_message -- -j4 -l4
