[0.017s] Invoking command in '/home/max/PycharmProjects/my_ros2_ws/servo_message/build/servo_message': /usr/bin/cmake --build /home/max/PycharmProjects/my_ros2_ws/servo_message/build/servo_message -- -j4 -l4
[0.050s] -- Found ament_cmake: 0.9.11 (/opt/ros/foxy/share/ament_cmake/cmake)
[0.075s] -- Found PythonInterp: /usr/bin/python3 (found suitable version "3.8.10", minimum required is "3") 
[0.075s] -- Using PYTHON_EXECUTABLE: /usr/bin/python3
[0.254s] -- Found ament_lint_auto: 0.9.8 (/opt/ros/foxy/share/ament_lint_auto/cmake)
[0.312s] Error parsing '/home/max/PycharmProjects/my_ros2_ws/servo_message/package.xml':
[0.416s] Traceback (most recent call last):
[0.416s]   File "/opt/ros/foxy/share/ament_cmake_core/cmake/core/package_xml_2_cmake.py", line 143, in <module>
[0.416s]     main()
[0.416s]   File "/opt/ros/foxy/share/ament_cmake_core/cmake/core/package_xml_2_cmake.py", line 52, in main
[0.417s]     raise e
[0.417s]   File "/opt/ros/foxy/share/ament_cmake_core/cmake/core/package_xml_2_cmake.py", line 48, in main
[0.417s]     package = parse_package_string(
[0.417s]   File "/usr/lib/python3/dist-packages/catkin_pkg/package.py", line 788, in parse_package_string
[0.417s]     pkg.validate(warnings=warnings)
[0.417s]   File "/usr/lib/python3/dist-packages/catkin_pkg/package.py", line 330, in validate
[0.417s]     raise InvalidPackage('\n'.join(errors), self.filename)
[0.418s] catkin_pkg.package.InvalidPackage: Error(s) in package '/home/max/PycharmProjects/my_ros2_ws/servo_message/package.xml':
[0.418s] The package "servo_message" must not "build_depend" on a package with the same name as this package
[0.418s] The package "servo_message" must not "build_export_depend" on a package with the same name as this package
[0.418s] The package "servo_message" must not "exec_depend" on a package with the same name as this package
[0.456s] CMake Error at /opt/ros/foxy/share/ament_cmake_core/cmake/core/ament_package_xml.cmake:94 (message):
[0.456s]   execute_process(/usr/bin/python3
[0.456s]   /opt/ros/foxy/share/ament_cmake_core/cmake/core/package_xml_2_cmake.py
[0.456s]   /home/max/PycharmProjects/my_ros2_ws/servo_message/package.xml
[0.457s]   /home/max/PycharmProjects/my_ros2_ws/servo_message/build/servo_message/ament_cmake_core/package.cmake)
[0.457s]   returned error code 1
[0.457s] Call Stack (most recent call first):
[0.457s]   /opt/ros/foxy/share/ament_cmake_core/cmake/core/ament_package_xml.cmake:49 (_ament_package_xml)
[0.457s]   /opt/ros/foxy/share/ament_lint_auto/cmake/ament_lint_auto_find_test_dependencies.cmake:31 (ament_package_xml)
[0.457s]   CMakeLists.txt:32 (ament_lint_auto_find_test_dependencies)
[0.457s] 
[0.457s] 
[0.458s] -- Configuring incomplete, errors occurred!
[0.458s] See also "/home/max/PycharmProjects/my_ros2_ws/servo_message/build/servo_message/CMakeFiles/CMakeOutput.log".
[0.461s] make: *** [Makefile:748: cmake_check_build_system] Error 1
[0.464s] Invoked command in '/home/max/PycharmProjects/my_ros2_ws/servo_message/build/servo_message' returned '2': /usr/bin/cmake --build /home/max/PycharmProjects/my_ros2_ws/servo_message/build/servo_message -- -j4 -l4
